0 info it worked if it ends with ok
1 verbose cli [ 'node',
1 verbose cli   '/usr/local/bin/npm',
1 verbose cli   'install',
1 verbose cli   '-g',
1 verbose cli   'learnyounode',
1 verbose cli   '--registry=http://r.cnpmjs.org' ]
2 info using npm@1.3.11
3 info using node@v0.10.21
4 verbose cache add [ 'learnyounode', null ]
5 verbose cache add name=undefined spec="learnyounode" args=["learnyounode",null]
6 verbose parsed url { protocol: null,
6 verbose parsed url   slashes: null,
6 verbose parsed url   auth: null,
6 verbose parsed url   host: null,
6 verbose parsed url   port: null,
6 verbose parsed url   hostname: null,
6 verbose parsed url   hash: null,
6 verbose parsed url   search: null,
6 verbose parsed url   query: null,
6 verbose parsed url   pathname: 'learnyounode',
6 verbose parsed url   path: 'learnyounode',
6 verbose parsed url   href: 'learnyounode' }
7 silly lockFile 8d456d9f-learnyounode learnyounode
8 verbose lock learnyounode /Users/sprying/.npm/8d456d9f-learnyounode.lock
9 silly lockFile 8d456d9f-learnyounode learnyounode
10 silly lockFile 8d456d9f-learnyounode learnyounode
11 verbose addNamed [ 'learnyounode', '' ]
12 verbose addNamed [ null, '*' ]
13 silly lockFile a353de34-learnyounode learnyounode@
14 verbose lock learnyounode@ /Users/sprying/.npm/a353de34-learnyounode.lock
15 silly addNameRange { name: 'learnyounode', range: '*', hasData: false }
16 verbose url raw learnyounode
17 verbose url resolving [ 'http://r.cnpmjs.org/', './learnyounode' ]
18 verbose url resolved http://r.cnpmjs.org/learnyounode
19 info trying registry request attempt 1 at 22:10:42
20 verbose etag "23F1IEK92PGPMZ78GD9GL2W1O"
21 http GET http://r.cnpmjs.org/learnyounode
22 http 200 http://r.cnpmjs.org/learnyounode
23 silly registry.get cb [ 200,
23 silly registry.get   { server: 'nginx/1.4.1 (Ubuntu)',
23 silly registry.get     date: 'Thu, 27 Mar 2014 14:10:42 GMT',
23 silly registry.get     'content-type': 'application/json',
23 silly registry.get     'content-length': '58064',
23 silly registry.get     connection: 'keep-alive',
23 silly registry.get     'x-powered-by': 'koa',
23 silly registry.get     etag: '"1393701491000"',
23 silly registry.get     'x-readtime': '14785' } ]
24 silly addNameRange number 2 { name: 'learnyounode', range: '*', hasData: true }
25 silly addNameRange versions [ 'learnyounode',
25 silly addNameRange   [ '1.0.0',
25 silly addNameRange     '1.0.0-alpha01',
25 silly addNameRange     '0.4.1',
25 silly addNameRange     '0.4.0',
25 silly addNameRange     '0.3.3',
25 silly addNameRange     '0.3.2',
25 silly addNameRange     '0.3.1',
25 silly addNameRange     '0.3.0',
25 silly addNameRange     '0.2.16-mimbug',
25 silly addNameRange     '0.2.16',
25 silly addNameRange     '0.2.15',
25 silly addNameRange     '0.2.14',
25 silly addNameRange     '0.2.13',
25 silly addNameRange     '0.2.12',
25 silly addNameRange     '0.2.11',
25 silly addNameRange     '0.2.10',
25 silly addNameRange     '0.2.9',
25 silly addNameRange     '0.2.8',
25 silly addNameRange     '0.2.7',
25 silly addNameRange     '0.2.6',
25 silly addNameRange     '0.2.5',
25 silly addNameRange     '0.2.4',
25 silly addNameRange     '0.2.3',
25 silly addNameRange     '0.2.2',
25 silly addNameRange     '0.2.1',
25 silly addNameRange     '0.2.0',
25 silly addNameRange     '0.1.1',
25 silly addNameRange     '0.1.0',
25 silly addNameRange     '0.0.9',
25 silly addNameRange     '0.0.8',
25 silly addNameRange     '0.0.7',
25 silly addNameRange     '0.0.6',
25 silly addNameRange     '0.0.5',
25 silly addNameRange     '0.0.4',
25 silly addNameRange     '0.0.3',
25 silly addNameRange     '0.0.2',
25 silly addNameRange     '0.0.1',
25 silly addNameRange     '0.0.0' ] ]
26 verbose addNamed [ 'learnyounode', '1.0.0' ]
27 verbose addNamed [ '1.0.0', '1.0.0' ]
28 silly lockFile 0820d686-learnyounode-1-0-0 learnyounode@1.0.0
29 verbose lock learnyounode@1.0.0 /Users/sprying/.npm/0820d686-learnyounode-1-0-0.lock
30 silly lockFile 9d7d1e3a--download-learnyounode-1-0-0-tgz http://r.cnpmjs.org/learnyounode/download/learnyounode-1.0.0.tgz
31 verbose lock http://r.cnpmjs.org/learnyounode/download/learnyounode-1.0.0.tgz /Users/sprying/.npm/9d7d1e3a--download-learnyounode-1-0-0-tgz.lock
32 verbose addRemoteTarball [ 'http://r.cnpmjs.org/learnyounode/download/learnyounode-1.0.0.tgz',
32 verbose addRemoteTarball   '95883cf7eed78a538174385c5361adf5aa9cfbb5' ]
33 info retry fetch attempt 1 at 22:10:48
34 verbose fetch to= /var/folders/ww/_3w7x6111wq6fln161blzhd00000gn/T/npm-36213-qfJa0thg/1395929448517-0.8580234069377184/tmp.tgz
35 http GET http://r.cnpmjs.org/learnyounode/download/learnyounode-1.0.0.tgz
36 http 200 http://r.cnpmjs.org/learnyounode/download/learnyounode-1.0.0.tgz
37 verbose tar unpack /var/folders/ww/_3w7x6111wq6fln161blzhd00000gn/T/npm-36213-qfJa0thg/1395929448517-0.8580234069377184/tmp.tgz
38 silly lockFile fb8b0afe-48517-0-8580234069377184-package tar:///var/folders/ww/_3w7x6111wq6fln161blzhd00000gn/T/npm-36213-qfJa0thg/1395929448517-0.8580234069377184/package
39 verbose lock tar:///var/folders/ww/_3w7x6111wq6fln161blzhd00000gn/T/npm-36213-qfJa0thg/1395929448517-0.8580234069377184/package /Users/sprying/.npm/fb8b0afe-48517-0-8580234069377184-package.lock
40 silly lockFile 824f5b29-48517-0-8580234069377184-tmp-tgz tar:///var/folders/ww/_3w7x6111wq6fln161blzhd00000gn/T/npm-36213-qfJa0thg/1395929448517-0.8580234069377184/tmp.tgz
41 verbose lock tar:///var/folders/ww/_3w7x6111wq6fln161blzhd00000gn/T/npm-36213-qfJa0thg/1395929448517-0.8580234069377184/tmp.tgz /Users/sprying/.npm/824f5b29-48517-0-8580234069377184-tmp-tgz.lock
42 silly gunzTarPerm modes [ '755', '644' ]
43 silly gunzTarPerm extractEntry package.json
44 silly gunzTarPerm extractEntry .npmignore
45 silly gunzTarPerm extractEntry README.md
46 silly gunzTarPerm extractEntry LICENSE
47 silly gunzTarPerm extractEntry credits.js
48 silly gunzTarPerm extractEntry learnyounode.js
49 silly gunzTarPerm extractEntry .jshintrc
50 silly gunzTarPerm extractEntry exercises/http_uppercaserer/exercise.js
51 silly gunzTarPerm extractEntry exercises/http_uppercaserer/problem.md
52 silly gunzTarPerm extractEntry exercises/http_uppercaserer/solution/solution.js
53 silly gunzTarPerm extractEntry exercises/baby_steps/exercise.js
54 silly gunzTarPerm extractEntry exercises/baby_steps/problem.md
55 silly gunzTarPerm extractEntry exercises/baby_steps/solution/solution.js
56 silly gunzTarPerm extractEntry exercises/hello_world/exercise.js
57 silly gunzTarPerm extractEntry exercises/hello_world/problem.md
58 silly gunzTarPerm extractEntry exercises/hello_world/solution/solution.js
59 silly gunzTarPerm extractEntry exercises/http_client/exercise.js
60 silly gunzTarPerm extractEntry exercises/http_client/problem.md
61 silly gunzTarPerm extractEntry exercises/http_client/solution/solution.js
62 silly gunzTarPerm extractEntry exercises/http_collect/exercise.js
63 silly gunzTarPerm extractEntry exercises/http_collect/problem.md
64 silly gunzTarPerm extractEntry exercises/http_collect/solution/solution.js
65 silly gunzTarPerm extractEntry exercises/http_file_server/exercise.js
66 silly gunzTarPerm extractEntry exercises/http_file_server/problem.md
67 silly gunzTarPerm extractEntry exercises/http_file_server/solution/solution.js
68 silly gunzTarPerm extractEntry exercises/http_json_api_server/exercise.js
69 silly gunzTarPerm extractEntry exercises/http_json_api_server/problem.md
70 silly gunzTarPerm extractEntry exercises/http_json_api_server/solution/solution.js
71 silly gunzTarPerm extractEntry exercises/filtered_ls/exercise.js
72 silly gunzTarPerm extractEntry exercises/filtered_ls/file-list.json
73 silly gunzTarPerm extractEntry exercises/filtered_ls/problem.md
74 silly gunzTarPerm extractEntry exercises/filtered_ls/solution/solution.js
75 silly gunzTarPerm extractEntry exercises/juggling_async/exercise.js
76 silly gunzTarPerm extractEntry exercises/juggling_async/problem.md
77 silly gunzTarPerm extractEntry exercises/juggling_async/solution/solution.js
78 silly gunzTarPerm extractEntry exercises/make_it_modular/exercise.js
79 silly gunzTarPerm extractEntry exercises/make_it_modular/verify.js
80 silly gunzTarPerm extractEntry exercises/make_it_modular/wrap-requires.js
81 silly gunzTarPerm extractEntry exercises/make_it_modular/problem.md
82 silly gunzTarPerm extractEntry exercises/make_it_modular/solution/solution.js
83 silly gunzTarPerm extractEntry exercises/make_it_modular/solution/solution_filter.js
84 silly gunzTarPerm extractEntry exercises/menu.json
85 silly gunzTarPerm extractEntry exercises/my_first_async_io/exercise.js
86 silly gunzTarPerm extractEntry exercises/my_first_async_io/problem.md
87 silly gunzTarPerm extractEntry exercises/my_first_async_io/solution/solution.js
88 silly gunzTarPerm extractEntry exercises/my_first_io/exercise.js
89 silly gunzTarPerm extractEntry exercises/my_first_io/wrap.js
90 silly gunzTarPerm extractEntry exercises/my_first_io/problem.md
91 silly gunzTarPerm extractEntry exercises/my_first_io/solution/solution.js
92 silly gunzTarPerm extractEntry exercises/time_server/exercise.js
93 silly gunzTarPerm extractEntry exercises/time_server/setup.js
94 silly gunzTarPerm extractEntry exercises/time_server/problem.md
95 silly gunzTarPerm extractEntry exercises/time_server/solution/solution.js
96 silly gunzTarPerm extractEntry help.txt
97 silly gunzTarPerm extractEntry credits.txt
98 silly gunzTarPerm extractEntry lib/rndport.js
99 silly gunzTarPerm extractEntry node_apidoc/index.html
100 silly gunzTarPerm extractEntry node_apidoc/_toc.html
101 silly gunzTarPerm extractEntry node_apidoc/all.html
102 silly gunzTarPerm extractEntry node_apidoc/assert.html
103 silly gunzTarPerm extractEntry node_apidoc/assets/sh.css
104 silly gunzTarPerm extractEntry node_apidoc/assets/style.css
105 silly gunzTarPerm extractEntry node_apidoc/buffer.html
106 silly gunzTarPerm extractEntry node_apidoc/child_process.html
107 silly gunzTarPerm extractEntry node_apidoc/cluster.html
108 silly gunzTarPerm extractEntry node_apidoc/console.html
109 silly gunzTarPerm extractEntry node_apidoc/crypto.html
110 silly gunzTarPerm extractEntry node_apidoc/debugger.html
111 silly gunzTarPerm extractEntry node_apidoc/dgram.html
112 silly gunzTarPerm extractEntry node_apidoc/dns.html
113 silly gunzTarPerm extractEntry node_apidoc/documentation.html
114 silly gunzTarPerm extractEntry node_apidoc/domain.html
115 silly gunzTarPerm extractEntry node_apidoc/events.html
116 silly gunzTarPerm extractEntry node_apidoc/fs.html
117 silly gunzTarPerm extractEntry node_apidoc/globals.html
118 silly gunzTarPerm extractEntry node_apidoc/http.html
119 silly gunzTarPerm extractEntry node_apidoc/https.html
120 silly gunzTarPerm extractEntry node_apidoc/addons.html
121 silly gunzTarPerm extractEntry node_apidoc/modules.html
122 silly gunzTarPerm extractEntry node_apidoc/net.html
123 silly gunzTarPerm extractEntry node_apidoc/os.html
124 silly gunzTarPerm extractEntry node_apidoc/path.html
125 silly gunzTarPerm extractEntry node_apidoc/process.html
126 silly gunzTarPerm extractEntry node_apidoc/punycode.html
127 silly gunzTarPerm extractEntry node_apidoc/querystring.html
128 silly gunzTarPerm extractEntry node_apidoc/readline.html
129 silly gunzTarPerm extractEntry node_apidoc/repl.html
130 silly gunzTarPerm extractEntry node_apidoc/stream.html
131 silly gunzTarPerm extractEntry node_apidoc/string_decoder.html
132 silly gunzTarPerm extractEntry node_apidoc/synopsis.html
133 silly gunzTarPerm extractEntry node_apidoc/timers.html
134 silly gunzTarPerm extractEntry node_apidoc/tls.html
135 silly gunzTarPerm extractEntry node_apidoc/tty.html
136 silly gunzTarPerm extractEntry node_apidoc/url.html
137 silly gunzTarPerm extractEntry node_apidoc/util.html
138 silly gunzTarPerm extractEntry node_apidoc/vm.html
139 silly gunzTarPerm extractEntry node_apidoc/zlib.html
140 silly gunzTarPerm extractEntry docs/bl.html
141 silly gunzTarPerm extractEntry docs/concat-stream.html
142 silly gunzTarPerm extractEntry docs/through2-map.html
143 silly lockFile fb8b0afe-48517-0-8580234069377184-package tar:///var/folders/ww/_3w7x6111wq6fln161blzhd00000gn/T/npm-36213-qfJa0thg/1395929448517-0.8580234069377184/package
144 silly lockFile fb8b0afe-48517-0-8580234069377184-package tar:///var/folders/ww/_3w7x6111wq6fln161blzhd00000gn/T/npm-36213-qfJa0thg/1395929448517-0.8580234069377184/package
145 silly lockFile 824f5b29-48517-0-8580234069377184-tmp-tgz tar:///var/folders/ww/_3w7x6111wq6fln161blzhd00000gn/T/npm-36213-qfJa0thg/1395929448517-0.8580234069377184/tmp.tgz
146 silly lockFile 824f5b29-48517-0-8580234069377184-tmp-tgz tar:///var/folders/ww/_3w7x6111wq6fln161blzhd00000gn/T/npm-36213-qfJa0thg/1395929448517-0.8580234069377184/tmp.tgz
147 verbose tar pack [ '/Users/sprying/.npm/learnyounode/1.0.0/package.tgz',
147 verbose tar pack   '/var/folders/ww/_3w7x6111wq6fln161blzhd00000gn/T/npm-36213-qfJa0thg/1395929448517-0.8580234069377184/package' ]
148 verbose tarball /Users/sprying/.npm/learnyounode/1.0.0/package.tgz
149 verbose folder /var/folders/ww/_3w7x6111wq6fln161blzhd00000gn/T/npm-36213-qfJa0thg/1395929448517-0.8580234069377184/package
150 silly lockFile fb8b0afe-48517-0-8580234069377184-package tar:///var/folders/ww/_3w7x6111wq6fln161blzhd00000gn/T/npm-36213-qfJa0thg/1395929448517-0.8580234069377184/package
151 verbose lock tar:///var/folders/ww/_3w7x6111wq6fln161blzhd00000gn/T/npm-36213-qfJa0thg/1395929448517-0.8580234069377184/package /Users/sprying/.npm/fb8b0afe-48517-0-8580234069377184-package.lock
152 silly lockFile 4de914a8-m-learnyounode-1-0-0-package-tgz tar:///Users/sprying/.npm/learnyounode/1.0.0/package.tgz
153 verbose lock tar:///Users/sprying/.npm/learnyounode/1.0.0/package.tgz /Users/sprying/.npm/4de914a8-m-learnyounode-1-0-0-package-tgz.lock
154 silly lockFile fb8b0afe-48517-0-8580234069377184-package tar:///var/folders/ww/_3w7x6111wq6fln161blzhd00000gn/T/npm-36213-qfJa0thg/1395929448517-0.8580234069377184/package
155 silly lockFile fb8b0afe-48517-0-8580234069377184-package tar:///var/folders/ww/_3w7x6111wq6fln161blzhd00000gn/T/npm-36213-qfJa0thg/1395929448517-0.8580234069377184/package
156 silly lockFile 4de914a8-m-learnyounode-1-0-0-package-tgz tar:///Users/sprying/.npm/learnyounode/1.0.0/package.tgz
157 silly lockFile 4de914a8-m-learnyounode-1-0-0-package-tgz tar:///Users/sprying/.npm/learnyounode/1.0.0/package.tgz
158 silly lockFile 2ee732d5-g-npm-learnyounode-1-0-0-package /Users/sprying/.npm/learnyounode/1.0.0/package
159 verbose lock /Users/sprying/.npm/learnyounode/1.0.0/package /Users/sprying/.npm/2ee732d5-g-npm-learnyounode-1-0-0-package.lock
160 silly lockFile 2ee732d5-g-npm-learnyounode-1-0-0-package /Users/sprying/.npm/learnyounode/1.0.0/package
161 silly lockFile 2ee732d5-g-npm-learnyounode-1-0-0-package /Users/sprying/.npm/learnyounode/1.0.0/package
162 verbose tar unpack /Users/sprying/.npm/learnyounode/1.0.0/package.tgz
163 silly lockFile b01097a8-g-npm-learnyounode-1-0-0-package tar:///Users/sprying/.npm/learnyounode/1.0.0/package
164 verbose lock tar:///Users/sprying/.npm/learnyounode/1.0.0/package /Users/sprying/.npm/b01097a8-g-npm-learnyounode-1-0-0-package.lock
165 silly lockFile 4de914a8-m-learnyounode-1-0-0-package-tgz tar:///Users/sprying/.npm/learnyounode/1.0.0/package.tgz
166 verbose lock tar:///Users/sprying/.npm/learnyounode/1.0.0/package.tgz /Users/sprying/.npm/4de914a8-m-learnyounode-1-0-0-package-tgz.lock
167 silly gunzTarPerm modes [ '755', '644' ]
168 silly gunzTarPerm extractEntry package.json
169 silly gunzTarPerm extractEntry .npmignore
170 silly gunzTarPerm extractEntry README.md
171 silly gunzTarPerm extractEntry LICENSE
172 silly gunzTarPerm extractEntry credits.js
173 silly gunzTarPerm extractEntry learnyounode.js
174 silly gunzTarPerm extractEntry .jshintrc
175 silly gunzTarPerm extractEntry exercises/http_uppercaserer/exercise.js
176 silly gunzTarPerm extractEntry exercises/http_uppercaserer/problem.md
177 silly gunzTarPerm extractEntry exercises/http_uppercaserer/solution/solution.js
178 silly gunzTarPerm extractEntry exercises/baby_steps/exercise.js
179 silly gunzTarPerm extractEntry exercises/baby_steps/problem.md
180 silly gunzTarPerm extractEntry exercises/baby_steps/solution/solution.js
181 silly gunzTarPerm extractEntry exercises/hello_world/exercise.js
182 silly gunzTarPerm extractEntry exercises/hello_world/problem.md
183 silly gunzTarPerm extractEntry exercises/hello_world/solution/solution.js
184 silly gunzTarPerm extractEntry exercises/http_client/exercise.js
185 silly gunzTarPerm extractEntry exercises/http_client/problem.md
186 silly gunzTarPerm extractEntry exercises/http_client/solution/solution.js
187 silly gunzTarPerm extractEntry exercises/http_collect/exercise.js
188 silly gunzTarPerm extractEntry exercises/http_collect/problem.md
189 silly gunzTarPerm extractEntry exercises/http_collect/solution/solution.js
190 silly gunzTarPerm extractEntry exercises/http_file_server/exercise.js
191 silly gunzTarPerm extractEntry exercises/http_file_server/problem.md
192 silly gunzTarPerm extractEntry exercises/http_file_server/solution/solution.js
193 silly gunzTarPerm extractEntry exercises/http_json_api_server/exercise.js
194 silly gunzTarPerm extractEntry exercises/http_json_api_server/problem.md
195 silly gunzTarPerm extractEntry exercises/http_json_api_server/solution/solution.js
196 silly gunzTarPerm extractEntry exercises/filtered_ls/exercise.js
197 silly gunzTarPerm extractEntry exercises/filtered_ls/file-list.json
198 silly gunzTarPerm extractEntry exercises/filtered_ls/problem.md
199 silly gunzTarPerm extractEntry exercises/filtered_ls/solution/solution.js
200 silly gunzTarPerm extractEntry exercises/juggling_async/exercise.js
201 silly gunzTarPerm extractEntry exercises/juggling_async/problem.md
202 silly gunzTarPerm extractEntry exercises/juggling_async/solution/solution.js
203 silly gunzTarPerm extractEntry exercises/make_it_modular/exercise.js
204 silly gunzTarPerm extractEntry exercises/make_it_modular/verify.js
205 silly gunzTarPerm extractEntry exercises/make_it_modular/wrap-requires.js
206 silly gunzTarPerm extractEntry exercises/make_it_modular/problem.md
207 silly gunzTarPerm extractEntry exercises/make_it_modular/solution/solution.js
208 silly gunzTarPerm extractEntry exercises/make_it_modular/solution/solution_filter.js
209 silly gunzTarPerm extractEntry exercises/menu.json
210 silly gunzTarPerm extractEntry exercises/my_first_async_io/exercise.js
211 silly gunzTarPerm extractEntry exercises/my_first_async_io/problem.md
212 silly gunzTarPerm extractEntry exercises/my_first_async_io/solution/solution.js
213 silly gunzTarPerm extractEntry exercises/my_first_io/exercise.js
214 silly gunzTarPerm extractEntry exercises/my_first_io/wrap.js
215 silly gunzTarPerm extractEntry exercises/my_first_io/problem.md
216 silly gunzTarPerm extractEntry exercises/my_first_io/solution/solution.js
217 silly gunzTarPerm extractEntry exercises/time_server/exercise.js
218 silly gunzTarPerm extractEntry exercises/time_server/setup.js
219 silly gunzTarPerm extractEntry exercises/time_server/problem.md
220 silly gunzTarPerm extractEntry exercises/time_server/solution/solution.js
221 silly gunzTarPerm extractEntry help.txt
222 silly gunzTarPerm extractEntry credits.txt
223 silly gunzTarPerm extractEntry lib/rndport.js
224 silly gunzTarPerm extractEntry node_apidoc/index.html
225 silly gunzTarPerm extractEntry node_apidoc/_toc.html
226 silly gunzTarPerm extractEntry node_apidoc/all.html
227 silly gunzTarPerm extractEntry node_apidoc/assert.html
228 silly gunzTarPerm extractEntry node_apidoc/assets/sh.css
229 silly gunzTarPerm extractEntry node_apidoc/assets/style.css
230 silly gunzTarPerm extractEntry node_apidoc/buffer.html
231 silly gunzTarPerm extractEntry node_apidoc/child_process.html
232 silly gunzTarPerm extractEntry node_apidoc/cluster.html
233 silly gunzTarPerm extractEntry node_apidoc/console.html
234 silly gunzTarPerm extractEntry node_apidoc/crypto.html
235 silly gunzTarPerm extractEntry node_apidoc/debugger.html
236 silly gunzTarPerm extractEntry node_apidoc/dgram.html
237 silly gunzTarPerm extractEntry node_apidoc/dns.html
238 silly gunzTarPerm extractEntry node_apidoc/documentation.html
239 silly gunzTarPerm extractEntry node_apidoc/domain.html
240 silly gunzTarPerm extractEntry node_apidoc/events.html
241 silly gunzTarPerm extractEntry node_apidoc/fs.html
242 silly gunzTarPerm extractEntry node_apidoc/globals.html
243 silly gunzTarPerm extractEntry node_apidoc/http.html
244 silly gunzTarPerm extractEntry node_apidoc/https.html
245 silly gunzTarPerm extractEntry node_apidoc/addons.html
246 silly gunzTarPerm extractEntry node_apidoc/modules.html
247 silly gunzTarPerm extractEntry node_apidoc/net.html
248 silly gunzTarPerm extractEntry node_apidoc/os.html
249 silly gunzTarPerm extractEntry node_apidoc/path.html
250 silly gunzTarPerm extractEntry node_apidoc/process.html
251 silly gunzTarPerm extractEntry node_apidoc/punycode.html
252 silly gunzTarPerm extractEntry node_apidoc/querystring.html
253 silly gunzTarPerm extractEntry node_apidoc/readline.html
254 silly gunzTarPerm extractEntry node_apidoc/repl.html
255 silly gunzTarPerm extractEntry node_apidoc/stream.html
256 silly gunzTarPerm extractEntry node_apidoc/string_decoder.html
257 silly gunzTarPerm extractEntry node_apidoc/synopsis.html
258 silly gunzTarPerm extractEntry node_apidoc/timers.html
259 silly gunzTarPerm extractEntry node_apidoc/tls.html
260 silly gunzTarPerm extractEntry node_apidoc/tty.html
261 silly gunzTarPerm extractEntry node_apidoc/url.html
262 silly gunzTarPerm extractEntry node_apidoc/util.html
263 silly gunzTarPerm extractEntry node_apidoc/vm.html
264 silly gunzTarPerm extractEntry node_apidoc/zlib.html
265 silly gunzTarPerm extractEntry docs/bl.html
266 silly gunzTarPerm extractEntry docs/concat-stream.html
267 silly gunzTarPerm extractEntry docs/through2-map.html
268 silly lockFile b01097a8-g-npm-learnyounode-1-0-0-package tar:///Users/sprying/.npm/learnyounode/1.0.0/package
269 silly lockFile b01097a8-g-npm-learnyounode-1-0-0-package tar:///Users/sprying/.npm/learnyounode/1.0.0/package
270 silly lockFile 4de914a8-m-learnyounode-1-0-0-package-tgz tar:///Users/sprying/.npm/learnyounode/1.0.0/package.tgz
271 silly lockFile 4de914a8-m-learnyounode-1-0-0-package-tgz tar:///Users/sprying/.npm/learnyounode/1.0.0/package.tgz
272 verbose chmod /Users/sprying/.npm/learnyounode/1.0.0/package.tgz 644
273 verbose chown /Users/sprying/.npm/learnyounode/1.0.0/package.tgz [ 501, 20 ]
274 silly lockFile 9d7d1e3a--download-learnyounode-1-0-0-tgz http://r.cnpmjs.org/learnyounode/download/learnyounode-1.0.0.tgz
275 silly lockFile 9d7d1e3a--download-learnyounode-1-0-0-tgz http://r.cnpmjs.org/learnyounode/download/learnyounode-1.0.0.tgz
276 silly lockFile 0820d686-learnyounode-1-0-0 learnyounode@1.0.0
277 silly lockFile 0820d686-learnyounode-1-0-0 learnyounode@1.0.0
278 silly lockFile a353de34-learnyounode learnyounode@
279 silly lockFile a353de34-learnyounode learnyounode@
280 silly resolved [ { name: 'learnyounode',
280 silly resolved     version: '1.0.0',
280 silly resolved     description: 'Learn You The Node.js For Much Win! An intro to Node.js via a set of self-guided workshops.',
280 silly resolved     author:
280 silly resolved      { name: 'Rod Vagg',
280 silly resolved        email: 'rod@vagg.org',
280 silly resolved        url: 'https://github.com/rvagg' },
280 silly resolved     contributors: [ [Object], [Object], [Object], [Object], [Object], [Object] ],
280 silly resolved     repository:
280 silly resolved      { type: 'git',
280 silly resolved        url: 'https://github.com/rvagg/learnyounode.git' },
280 silly resolved     license: 'MIT',
280 silly resolved     dependencies:
280 silly resolved      { workshopper: '^1.0.0-alpha05',
280 silly resolved        'workshopper-exercise': '^0.2.2',
280 silly resolved        'workshopper-wrappedexec': '^0.1.1',
280 silly resolved        'workshopper-boilerplate': '0.0.1',
280 silly resolved        'concat-stream': '^1.4.1',
280 silly resolved        duplexer: '^0.1.1',
280 silly resolved        through: '^2.3.4',
280 silly resolved        boganipsum: '^0.1.0',
280 silly resolved        hyperquest: '^0.2.0',
280 silly resolved        bl: '^0.7.0',
280 silly resolved        'through2-map': '^1.2.1',
280 silly resolved        'colors-tmpl': '^0.1.0',
280 silly resolved        after: '^0.8.1',
280 silly resolved        rimraf: '^2.2.6',
280 silly resolved        chalk: '^0.4.0',
280 silly resolved        through2: '^0.4.1' },
280 silly resolved     bin: { learnyounode: './learnyounode.js' },
280 silly resolved     preferGlobal: true,
280 silly resolved     readme: '# Learn You The Node.js For Much Win!\n\n**An intro to Node.js via a set of self-guided workshops.**\n\n[![NPM](https://nodei.co/npm/learnyounode.png?downloads=true&stars=true)](https://nodei.co/npm/learnyounode/) [![NPM](https://nodei.co/npm-dl/learnyounode.png?months=3)](https://nodei.co/npm/learnyounode/)\n\n![Learn You The Node.js For Much Win!](https://raw.github.com/rvagg/learnyounode/master/learnyounode.png)\n\n  1. Install [Node.js](http://nodejs.org/)\n  2. Run `sudo npm install learnyounode -g`\n  3. Run `learnyounode`\n  4. **.. profit!**\n\n<b><code>learnyounode</code></b> will run through a series of Node.js workshops. Starting at a basic *"HELLO WORLD"* and moving on to more advanced exercises about dealing with synchronous & asynchronous I/O, filesystem operations, TCP and HTTP networking, events and streams.\n\nOnce you have finished <b><code>learnyounode</code></b>, graduate to <b><code>[stream-adventure](https://github.com/substack/stream-adventure)</code></b> for a set of exercises that dig in to Node\'s streams.\n\n### Contributors\n\n<b><code>learnyounode</code></b> is proudly brought to you by the following hackers:\n\n<table><tbody>\n<tr><th align="left">Rod Vagg</th><td><a href="https://github.com/rvagg">GitHub/rvagg</a></td><td><a href="http://twitter.com/rvagg">Twitter/@rvagg</a></td></tr>\n<tr><th align="left">Andrey Sidorov</th><td><a href="https://github.com/sidorares">GitHub/sidorares</a></td><td><a href="http://twitter.com/sidorares">Twitter/@sidorares</a></td></tr>\n<tr><th align="left">Julián Duque</th><td><a href="https://github.com/julianduque">GitHub/julianduque</a></td><td><a href="http://twitter.com/julian_duque">Twitter/@julian_duque</a></td></tr>\n<tr><th align="left">Lars-Magnus Skog</th><td><a href="https://github.com/ralphtheninja">GitHub/ralphtheninja</a></td><td><a href="http://twitter.com/ralphtheninja">Twitter/@ralphtheninja</a></td></tr>\n<tr><th align="left">Tim Inman</th><td><a href="https://github.com/thehack">GitHub/thehack</a></td><td><a href="http://twitter.com/timinman">Twitter/@timinman</a></td></tr>\n<tr><th align="left">Dan Flettre</th><td><a href="https://github.com/Flet">GitHub/Flet</a></td><td><a href="http://twitter.com/flettre">Twitter/@flettre</a></td></tr>\n</tbody></table>\n\n## License\n\n**learnyounode** is Copyright (c) 2013 Rod Vagg [@rvagg](https://twitter.com/rvagg) and licenced under the MIT licence. All rights not explicitly granted in the MIT license are reserved. See the included LICENSE file for more details.\n\n**learnyounode** builds on the excellent work by [@substack](https://github.com/substack) and [@maxogden](https://github.com/maxogden) who created **[stream-adventure](https://github.com/substack/stream-adventure)** which serves as the original foundation for **learnyounode**.\n',
280 silly resolved     readmeFilename: 'README.md',
280 silly resolved     bugs: { url: 'https://github.com/rvagg/learnyounode/issues' },
280 silly resolved     _id: 'learnyounode@1.0.0',
280 silly resolved     dist: { shasum: '480e55f69e97347bc9744a953a6f6a37b501e217' },
280 silly resolved     _from: 'learnyounode@',
280 silly resolved     _resolved: 'http://r.cnpmjs.org/learnyounode/download/learnyounode-1.0.0.tgz' } ]
281 info install learnyounode@1.0.0 into /usr/local/lib
282 info installOne learnyounode@1.0.0
283 info /usr/local/lib/node_modules/learnyounode unbuild
284 verbose tar unpack /Users/sprying/.npm/learnyounode/1.0.0/package.tgz
285 silly lockFile 97422473-al-lib-node-modules-learnyounode tar:///usr/local/lib/node_modules/learnyounode
286 verbose lock tar:///usr/local/lib/node_modules/learnyounode /Users/sprying/.npm/97422473-al-lib-node-modules-learnyounode.lock
287 silly lockFile 4de914a8-m-learnyounode-1-0-0-package-tgz tar:///Users/sprying/.npm/learnyounode/1.0.0/package.tgz
288 verbose lock tar:///Users/sprying/.npm/learnyounode/1.0.0/package.tgz /Users/sprying/.npm/4de914a8-m-learnyounode-1-0-0-package-tgz.lock
289 silly gunzTarPerm modes [ '755', '644' ]
290 error Error: EACCES, mkdir '/usr/local/lib/node_modules/learnyounode'
290 error  { [Error: EACCES, mkdir '/usr/local/lib/node_modules/learnyounode']
290 error   errno: 3,
290 error   code: 'EACCES',
290 error   path: '/usr/local/lib/node_modules/learnyounode',
290 error   fstream_type: 'Directory',
290 error   fstream_path: '/usr/local/lib/node_modules/learnyounode',
290 error   fstream_class: 'DirWriter',
290 error   fstream_stack:
290 error    [ '/usr/local/lib/node_modules/npm/node_modules/fstream/lib/dir-writer.js:36:23',
290 error      '/usr/local/lib/node_modules/npm/node_modules/mkdirp/index.js:37:53',
290 error      'Object.oncomplete (fs.js:107:15)' ] }
291 error Please try running this command again as root/Administrator.
292 error System Darwin 13.1.0
293 error command "node" "/usr/local/bin/npm" "install" "-g" "learnyounode" "--registry=http://r.cnpmjs.org"
294 error cwd /Users/sprying/workspace/webtest
295 error node -v v0.10.21
296 error npm -v 1.3.11
297 error path /usr/local/lib/node_modules/learnyounode
298 error fstream_path /usr/local/lib/node_modules/learnyounode
299 error fstream_type Directory
300 error fstream_class DirWriter
301 error code EACCES
302 error errno 3
303 error stack Error: EACCES, mkdir '/usr/local/lib/node_modules/learnyounode'
304 error fstream_stack /usr/local/lib/node_modules/npm/node_modules/fstream/lib/dir-writer.js:36:23
304 error fstream_stack /usr/local/lib/node_modules/npm/node_modules/mkdirp/index.js:37:53
304 error fstream_stack Object.oncomplete (fs.js:107:15)
305 verbose exit [ 3, true ]
